<?xml version="1.0" encoding="UTF-8"?>
<testng-results skipped="0" failed="0" ignored="0" total="1" passed="1">
  <reporter-output>
  </reporter-output>
  <suite name="Default suite" duration-ms="127161" started-at="2022-11-12T08:04:09Z" finished-at="2022-11-12T08:06:16Z">
    <groups>
    </groups>
    <test name="Default test" duration-ms="127161" started-at="2022-11-12T08:04:09Z" finished-at="2022-11-12T08:06:16Z">
      <class name="org.test.Iyyappan">
        <test-method status="PASS" signature="clas()[pri:0, instance:org.test.Iyyappan@29774679]" name="clas" is-config="true" duration-ms="74691" started-at="2022-11-12T08:04:09Z" finished-at="2022-11-12T08:05:23Z">
          <reporter-output>
          </reporter-output>
        </test-method> <!-- clas -->
        <test-method status="PASS" signature="met()[pri:0, instance:org.test.Iyyappan@29774679]" name="met" is-config="true" duration-ms="22062" started-at="2022-11-12T08:05:24Z" finished-at="2022-11-12T08:05:46Z">
          <reporter-output>
          </reporter-output>
        </test-method> <!-- met -->
        <test-method status="PASS" signature="test()[pri:0, instance:org.test.Iyyappan@29774679]" name="test" duration-ms="26908" started-at="2022-11-12T08:05:46Z" finished-at="2022-11-12T08:06:13Z">
          <reporter-output>
          </reporter-output>
        </test-method> <!-- test -->
        <test-method status="PASS" signature="met1()[pri:0, instance:org.test.Iyyappan@29774679]" name="met1" is-config="true" duration-ms="1448" started-at="2022-11-12T08:06:13Z" finished-at="2022-11-12T08:06:14Z">
          <reporter-output>
          </reporter-output>
        </test-method> <!-- met1 -->
        <test-method status="PASS" signature="clas2()[pri:0, instance:org.test.Iyyappan@29774679]" name="clas2" is-config="true" duration-ms="1917" started-at="2022-11-12T08:06:14Z" finished-at="2022-11-12T08:06:16Z">
          <reporter-output>
          </reporter-output>
        </test-method> <!-- clas2 -->
      </class> <!-- org.test.Iyyappan -->
    </test> <!-- Default test -->
  </suite> <!-- Default suite -->
</testng-results>
